polybar|warn:  No monitor specified, using "LVDS1"
polybar|warn:  The config parameter `bar/top.dock` is deprecated, use `bar/top.override-redirect` instead.
polybar|warn:  Ignoring unsupported wm-restack option 'true'
polybar|warn:  Alpha support for the systray is limited. See the wiki for more details.
polybar|warn:  Termination signal received, shutting down...
polybar|warn:  No monitor specified, using "LVDS1"
polybar|warn:  The config parameter `bar/top.dock` is deprecated, use `bar/top.override-redirect` instead.
polybar|warn:  Ignoring unsupported wm-restack option 'true'
polybar|warn:  Alpha support for the systray is limited. See the wiki for more details.
polybar|warn:  No monitor specified, using "LVDS1"
polybar|warn:  The config parameter `bar/top.dock` is deprecated, use `bar/top.override-redirect` instead.
polybar|warn:  Ignoring unsupported wm-restack option 'true'
polybar|warn:  Alpha support for the systray is limited. See the wiki for more details.
polybar|warn:  Dropping unmatched character – (U+2013)
polybar|warn:  Dropping unmatched character – (U+2013)
polybar|warn:  Dropping unmatched character – (U+2013)
polybar|warn:  Dropping unmatched character – (U+2013)
polybar|warn:  Dropping unmatched character – (U+2013)
polybar|warn:  Dropping unmatched character – (U+2013)
polybar|warn:  Dropping unmatched character – (U+2013)
polybar|warn:  Dropping unmatched character – (U+2013)
polybar|warn:  Dropping unmatched character – (U+2013)
polybar|warn:  Dropping unmatched character – (U+2013)
polybar|warn:  Dropping unmatched character – (U+2013)
polybar|warn:  Dropping unmatched character – (U+2013)
polybar|warn:  Dropping unmatched character – (U+2013)
polybar|warn:  Dropping unmatched character – (U+2013)
polybar|warn:  Dropping unmatched character – (U+2013)
polybar|warn:  Dropping unmatched character – (U+2013)
polybar|warn:  Dropping unmatched character – (U+2013)
polybar|warn:  Dropping unmatched character – (U+2013)
polybar|warn:  Dropping unmatched character – (U+2013)
polybar|warn:  Dropping unmatched character – (U+2013)
polybar|warn:  Dropping unmatched character シ (U+30b7)
polybar|warn:  Dropping unmatched character テ (U+30c6)
polybar|warn:  Dropping unmatched character ィ (U+30a3)
polybar|warn:  Dropping unmatched character ー (U+30fc)
polybar|warn:  Dropping unmatched character ポ (U+30dd)
polybar|warn:  Dropping unmatched character ッ (U+30c3)
polybar|warn:  Dropping unmatched character プ (U+30d7)
polybar|warn:  Dropping unmatched character シ (U+30b7)
polybar|warn:  Dropping unmatched character テ (U+30c6)
polybar|warn:  Dropping unmatched character ィ (U+30a3)
polybar|warn:  Dropping unmatched character ー (U+30fc)
polybar|warn:  Dropping unmatched character ポ (U+30dd)
polybar|warn:  Dropping unmatched character ッ (U+30c3)
polybar|warn:  Dropping unmatched character プ (U+30d7)
polybar|warn:  Termination signal received, shutting down...
polybar|warn:  No monitor specified, using "LVDS1"
polybar|warn:  The config parameter `bar/top.dock` is deprecated, use `bar/top.override-redirect` instead.
polybar|warn:  Ignoring unsupported wm-restack option 'true'
polybar|warn:  Alpha support for the systray is limited. See the wiki for more details.
polybar|warn:  Termination signal received, shutting down...
polybar|warn:  No monitor specified, using "LVDS1"
polybar|warn:  The config parameter `bar/top.dock` is deprecated, use `bar/top.override-redirect` instead.
polybar|warn:  Ignoring unsupported wm-restack option 'true'
polybar|warn:  Alpha support for the systray is limited. See the wiki for more details.
polybar|warn:  Termination signal received, shutting down...
polybar|warn:  No monitor specified, using "LVDS1"
polybar|warn:  The config parameter `bar/top.dock` is deprecated, use `bar/top.override-redirect` instead.
polybar|warn:  Ignoring unsupported wm-restack option 'true'
polybar|warn:  Alpha support for the systray is limited. See the wiki for more details.
polybar|warn:  Termination signal received, shutting down...
polybar|warn:  No monitor specified, using "LVDS1"
polybar|warn:  The config parameter `bar/top.dock` is deprecated, use `bar/top.override-redirect` instead.
polybar|warn:  Ignoring unsupported wm-restack option 'false'
polybar|warn:  Alpha support for the systray is limited. See the wiki for more details.
polybar|warn:  No matching input area found (btn=1)
polybar|warn:  Termination signal received, shutting down...
